<?xml version="1.0" encoding="UTF-8"?>
<!-- Generated by org.testng.reporters.JUnitReportReporter -->
<testsuite skipped="0" hostname="DESKTOP-404UV2J" name="com.qa.makemytrip.base.BaseDatabase" tests="1" failures="0" timestamp="07 Apr 2018 04:38:40 GMT" time="0.030" errors="0">
  <testcase name="dbMethod" time="0.030" classname="com.qa.makemytrip.base.BaseDatabase"/>
</testsuite> <!-- com.qa.makemytrip.base.BaseDatabase -->
