<?xml version="1.0" encoding="UTF-8"?>
<!-- Generated by org.testng.reporters.JUnitReportReporter -->
<testsuite hostname="DESKTOP-404UV2J" name="com.qa.makemytrip.base.Base" tests="3" failures="0" timestamp="14 Apr 2018 03:57:43 GMT" time="78.709" errors="0">
  <testcase name="testLogin" time="37.944" classname="com.qa.makemytrip.base.Base"/>
  <testcase name="testLogout" time="0.016" classname="com.qa.makemytrip.base.Base"/>
  <testcase name="launchUrl" time="40.749" classname="com.qa.makemytrip.base.Base"/>
</testsuite> <!-- com.qa.makemytrip.base.Base -->
