<?xml version="1.0" encoding="UTF-8"?>
<!-- Generated by org.testng.reporters.JUnitReportReporter -->
<testsuite skipped="0" hostname="DESKTOP-404UV2J" name="com.qa.makemytrip.base.Base" tests="3" failures="0" timestamp="15 Apr 2018 13:10:02 GMT" time="17.190" errors="0">
  <testcase name="launchUrl" time="12.831" classname="com.qa.makemytrip.base.Base"/>
  <testcase name="testLogin" time="4.341" classname="com.qa.makemytrip.base.Base"/>
  <testcase name="testLogout" time="0.018" classname="com.qa.makemytrip.base.Base"/>
</testsuite> <!-- com.qa.makemytrip.base.Base -->
